[debug] [2021-09-15T23:16:44.450Z] ----------------------------------------------------------------------
[debug] [2021-09-15T23:16:44.452Z] Command:       C:\Program Files\nodejs\node.exe C:\Users\ravir\AppData\Roaming\npm\node_modules\firebase-tools\lib\bin\firebase.js deploy
[debug] [2021-09-15T23:16:44.452Z] CLI Version:   9.18.0
[debug] [2021-09-15T23:16:44.452Z] Platform:      win32
[debug] [2021-09-15T23:16:44.452Z] Node Version:  v14.17.5
[debug] [2021-09-15T23:16:44.453Z] Time:          Thu Sep 16 2021 04:46:44 GMT+0530 (India Standard Time)
[debug] [2021-09-15T23:16:44.453Z] ----------------------------------------------------------------------
[debug] 
[debug] [2021-09-15T23:16:44.515Z] > command requires scopes: ["email","openid","https://www.googleapis.com/auth/cloudplatformprojects.readonly","https://www.googleapis.com/auth/firebase","https://www.googleapis.com/auth/cloud-platform"]
[debug] [2021-09-15T23:16:44.516Z] > authorizing via signed-in user (avination.in@gmail.com)
[debug] [2021-09-15T23:16:44.516Z] [iam] checking project poornima-dashboord for permissions ["firebase.projects.get","firebasehosting.sites.update"]
[debug] [2021-09-15T23:16:44.518Z] > refreshing access token with scopes: ["email","https://www.googleapis.com/auth/cloud-platform","https://www.googleapis.com/auth/cloudplatformprojects.readonly","https://www.googleapis.com/auth/firebase","openid"]
[debug] [2021-09-15T23:16:44.518Z] >>> HTTP REQUEST POST https://www.googleapis.com/oauth2/v3/token  
 <request body omitted>
[debug] [2021-09-15T23:16:50.367Z] <<< HTTP RESPONSE 200 {"expires":"Mon, 01 Jan 1990 00:00:00 GMT","date":"Wed, 15 Sep 2021 23:16:55 GMT","cache-control":"no-cache, no-store, max-age=0, must-revalidate","pragma":"no-cache","content-type":"application/json; charset=utf-8","vary":"X-Origin, Referer, Origin,Accept-Encoding","server":"scaffolding on HTTPServer2","x-xss-protection":"0","x-frame-options":"SAMEORIGIN","x-content-type-options":"nosniff","alt-svc":"h3=\":443\"; ma=2592000,h3-29=\":443\"; ma=2592000,h3-T051=\":443\"; ma=2592000,h3-Q050=\":443\"; ma=2592000,h3-Q046=\":443\"; ma=2592000,h3-Q043=\":443\"; ma=2592000,quic=\":443\"; ma=2592000; v=\"46,43\"","accept-ranges":"none","transfer-encoding":"chunked"}
[debug] [2021-09-15T23:16:50.375Z] >>> HTTP REQUEST POST https://cloudresourcemanager.googleapis.com/v1/projects/poornima-dashboord:testIamPermissions  
 {"permissions":["firebase.projects.get","firebasehosting.sites.update"]}
[debug] [2021-09-15T23:16:57.495Z] <<< HTTP RESPONSE 200 {"content-type":"application/json; charset=UTF-8","vary":"X-Origin, Referer, Origin,Accept-Encoding","date":"Wed, 15 Sep 2021 23:17:02 GMT","server":"ESF","cache-control":"private","x-xss-protection":"0","x-frame-options":"SAMEORIGIN","x-content-type-options":"nosniff","server-timing":"gfet4t7; dur=1365","alt-svc":"h3=\":443\"; ma=2592000,h3-29=\":443\"; ma=2592000,h3-T051=\":443\"; ma=2592000,h3-Q050=\":443\"; ma=2592000,h3-Q046=\":443\"; ma=2592000,h3-Q043=\":443\"; ma=2592000,quic=\":443\"; ma=2592000; v=\"46,43\"","accept-ranges":"none","transfer-encoding":"chunked"}
[debug] [2021-09-15T23:16:57.497Z] > refreshing access token with scopes: []
[debug] [2021-09-15T23:16:57.497Z] >>> HTTP REQUEST POST https://www.googleapis.com/oauth2/v3/token  
 <request body omitted>
[debug] [2021-09-15T23:17:02.988Z] <<< HTTP RESPONSE 200 {"cache-control":"no-cache, no-store, max-age=0, must-revalidate","pragma":"no-cache","expires":"Mon, 01 Jan 1990 00:00:00 GMT","date":"Wed, 15 Sep 2021 23:17:08 GMT","content-type":"application/json; charset=utf-8","vary":"X-Origin, Referer, Origin,Accept-Encoding","server":"scaffolding on HTTPServer2","x-xss-protection":"0","x-frame-options":"SAMEORIGIN","x-content-type-options":"nosniff","alt-svc":"h3=\":443\"; ma=2592000,h3-29=\":443\"; ma=2592000,h3-T051=\":443\"; ma=2592000,h3-Q050=\":443\"; ma=2592000,h3-Q046=\":443\"; ma=2592000,h3-Q043=\":443\"; ma=2592000,quic=\":443\"; ma=2592000; v=\"46,43\"","accept-ranges":"none","transfer-encoding":"chunked"}
[debug] [2021-09-15T23:17:02.996Z] >>> [apiv2][query] GET https://firebase.googleapis.com/v1beta1/projects/poornima-dashboord [none]
[debug] [2021-09-15T23:17:08.700Z] <<< [apiv2][status] GET https://firebase.googleapis.com/v1beta1/projects/poornima-dashboord 200
[debug] [2021-09-15T23:17:08.701Z] <<< [apiv2][body] GET https://firebase.googleapis.com/v1beta1/projects/poornima-dashboord {"projectId":"poornima-dashboord","projectNumber":"260295263875","displayName":"Poornima-Dashboord","name":"projects/poornima-dashboord","resources":{"hostingSite":"poornima-dashboord","storageBucket":"poornima-dashboord.appspot.com","locationId":"asia-south1"},"state":"ACTIVE"}
[info] 
[info] === Deploying to 'poornima-dashboord'...
[info] 
[info] i  deploying hosting 
[debug] [2021-09-15T23:17:08.704Z] > refreshing access token with scopes: ["email","https://www.googleapis.com/auth/cloud-platform","https://www.googleapis.com/auth/cloudplatformprojects.readonly","https://www.googleapis.com/auth/firebase","openid"]
[debug] [2021-09-15T23:17:08.704Z] >>> HTTP REQUEST POST https://www.googleapis.com/oauth2/v3/token  
 <request body omitted>
[debug] [2021-09-15T23:17:14.123Z] <<< HTTP RESPONSE 200 {"date":"Wed, 15 Sep 2021 23:17:19 GMT","pragma":"no-cache","expires":"Mon, 01 Jan 1990 00:00:00 GMT","cache-control":"no-cache, no-store, max-age=0, must-revalidate","content-type":"application/json; charset=utf-8","vary":"X-Origin, Referer, Origin,Accept-Encoding","server":"scaffolding on HTTPServer2","x-xss-protection":"0","x-frame-options":"SAMEORIGIN","x-content-type-options":"nosniff","alt-svc":"h3=\":443\"; ma=2592000,h3-29=\":443\"; ma=2592000,h3-T051=\":443\"; ma=2592000,h3-Q050=\":443\"; ma=2592000,h3-Q046=\":443\"; ma=2592000,h3-Q043=\":443\"; ma=2592000,quic=\":443\"; ma=2592000; v=\"46,43\"","accept-ranges":"none","transfer-encoding":"chunked"}
[debug] [2021-09-15T23:17:14.130Z] >>> HTTP REQUEST POST https://firebasehosting.googleapis.com/v1beta1/sites/poornima-dashboord/versions  
 {"config":{"rewrites":[{"glob":"**","path":"/index.html"}]},"labels":{"deployment-tool":"cli-firebase"}}
[debug] [2021-09-15T23:17:21.483Z] <<< HTTP RESPONSE 200 {"content-type":"application/json; charset=UTF-8","vary":"X-Origin, Referer, Origin,Accept-Encoding","date":"Wed, 15 Sep 2021 23:17:26 GMT","server":"ESF","cache-control":"private","x-xss-protection":"0","x-frame-options":"SAMEORIGIN","x-content-type-options":"nosniff","alt-svc":"h3=\":443\"; ma=2592000,h3-29=\":443\"; ma=2592000,h3-T051=\":443\"; ma=2592000,h3-Q050=\":443\"; ma=2592000,h3-Q046=\":443\"; ma=2592000,h3-Q043=\":443\"; ma=2592000,quic=\":443\"; ma=2592000; v=\"46,43\"","accept-ranges":"none","transfer-encoding":"chunked"}
[info] i  hosting[poornima-dashboord]: beginning deploy... 
[info] i  hosting[poornima-dashboord]: found 17 files in build 
[debug] [2021-09-15T23:17:21.599Z] > refreshing access token with scopes: []
[debug] [2021-09-15T23:17:21.600Z] >>> HTTP REQUEST POST https://www.googleapis.com/oauth2/v3/token  
 <request body omitted>
[debug] [2021-09-15T23:17:21.601Z] [hosting] hash cache [YnVpbGQ] stored for 17 files
[debug] [2021-09-15T23:17:21.601Z] [hosting][hash queue][FINAL] {"max":102,"min":2,"avg":12.529411764705882,"active":0,"complete":17,"success":17,"errored":0,"retried":0,"total":17,"elapsed":106}
[debug] [2021-09-15T23:17:27.340Z] <<< HTTP RESPONSE 200 {"date":"Wed, 15 Sep 2021 23:17:32 GMT","expires":"Mon, 01 Jan 1990 00:00:00 GMT","cache-control":"no-cache, no-store, max-age=0, must-revalidate","pragma":"no-cache","content-type":"application/json; charset=utf-8","vary":"X-Origin, Referer, Origin,Accept-Encoding","server":"scaffolding on HTTPServer2","x-xss-protection":"0","x-frame-options":"SAMEORIGIN","x-content-type-options":"nosniff","alt-svc":"h3=\":443\"; ma=2592000,h3-29=\":443\"; ma=2592000,h3-T051=\":443\"; ma=2592000,h3-Q050=\":443\"; ma=2592000,h3-Q046=\":443\"; ma=2592000,h3-Q043=\":443\"; ma=2592000,quic=\":443\"; ma=2592000; v=\"46,43\"","accept-ranges":"none","transfer-encoding":"chunked"}
[debug] [2021-09-15T23:17:27.347Z] >>> [apiv2][query] POST https://firebasehosting.googleapis.com/v1beta1/sites/poornima-dashboord/versions/6aab2358a4710866:populateFiles [none]
[debug] [2021-09-15T23:17:27.347Z] >>> [apiv2][body] POST https://firebasehosting.googleapis.com/v1beta1/sites/poornima-dashboord/versions/6aab2358a4710866:populateFiles {"files":{"/facicon.ico":"aaba988fffdab978bfdccabb85c81e0c3dfaf9acc92df9ce42a20a4a2931699c","/favicon.svg":"669d66bf94ea31c6aec443850744298fc92ae2ba5e20a3220bdaab088e5ad73e\r","/index.css":"67f7ff7eef7a5c12eef54a01118c5f293e25836c366a7180a9a03ee0180e3a17\r","/logo512.png":"aaba988fffdab978bfdccabb85c81e0c3dfaf9acc92df9ce42a20a4a2931699c","/asset-manifest.json":"f122a2547b12ef1284de8f4c49fa409e0d53476cf261649ae8d684fa10d610e1","/index.html":"abddac5c21f39886aa2f38e0f25a838b7824acba5c4ab9f38e24c712ab35af8a","/static/css/main.7afcbefa.chunk.css":"d37e17906955102e9a23cb8e31d5241bad5d35254ad8d850975478e40a60e4a5","/static/js/2.7ba7b63b.chunk.js.LICENSE.txt":"055e705cb5790bd7d657c24dafff560f5120168915c2351493b1ede4ba01945b","/static/js/runtime-main.da01ea57.js":"c901f372344b4827dac7c41a7ba814447750c6f256f58f7edb74abccc3d70419","/static/js/main.3b9438db.chunk.js":"ac2667b6cae18b106bf2a7225e4f34072ae8ed85dbc05b167981175534cfa314","/static/js/runtime-main.da01ea57.js.map":"9d43fe7e4865f9248acab97e2860cf127e6bc9e20e133e6b64c0d4d7316ef6dd","/static/js/main.3b9438db.chunk.js.map":"7ee33df580b96bd21aefe8d817c0daeab3421ef027615a7dbaccc9ff7f787612","/static/css/main.7afcbefa.chunk.css.map":"114e0fc771ce3eee490d0dca892c0c5c07b1417f5d414460de576d48afecd672","/static/media/PUicon.63ade019.svg":"669d66bf94ea31c6aec443850744298fc92ae2ba5e20a3220bdaab088e5ad73e","/static/media/background.07095994.jpg":"a5a0e08cbd5a8b003170d2387ddc49d22314bf426a010ee6412be38d77320ae2","/static/js/2.7ba7b63b.chunk.js":"809bf8e8aa1556b45f0a3a11375116077082687a20f0f2a43d36c5345c52e431","/static/js/2.7ba7b63b.chunk.js.map":"828f7d6e91db01420f46a5484511b4128c7d2387908fa93368014d130eccdc37"}}
[debug] [2021-09-15T23:17:34.496Z] <<< [apiv2][status] POST https://firebasehosting.googleapis.com/v1beta1/sites/poornima-dashboord/versions/6aab2358a4710866:populateFiles 200
[debug] [2021-09-15T23:17:34.496Z] <<< [apiv2][body] POST https://firebasehosting.googleapis.com/v1beta1/sites/poornima-dashboord/versions/6aab2358a4710866:populateFiles {"uploadRequiredHashes":["f122a2547b12ef1284de8f4c49fa409e0d53476cf261649ae8d684fa10d610e1","ac2667b6cae18b106bf2a7225e4f34072ae8ed85dbc05b167981175534cfa314","abddac5c21f39886aa2f38e0f25a838b7824acba5c4ab9f38e24c712ab35af8a","d37e17906955102e9a23cb8e31d5241bad5d35254ad8d850975478e40a60e4a5","a5a0e08cbd5a8b003170d2387ddc49d22314bf426a010ee6412be38d77320ae2","7ee33df580b96bd21aefe8d817c0daeab3421ef027615a7dbaccc9ff7f787612","114e0fc771ce3eee490d0dca892c0c5c07b1417f5d414460de576d48afecd672"],"uploadUrl":"https://upload-firebasehosting.googleapis.com/upload/sites/poornima-dashboord/versions/6aab2358a4710866/files"}
[debug] [2021-09-15T23:17:34.498Z] >>> [apiv2][query] POST https://upload-firebasehosting.googleapis.com/upload/sites/poornima-dashboord/versions/6aab2358a4710866/files/f122a2547b12ef1284de8f4c49fa409e0d53476cf261649ae8d684fa10d610e1 [none]
[debug] [2021-09-15T23:17:34.498Z] >>> [apiv2][body] POST https://upload-firebasehosting.googleapis.com/upload/sites/poornima-dashboord/versions/6aab2358a4710866/files/f122a2547b12ef1284de8f4c49fa409e0d53476cf261649ae8d684fa10d610e1 [stream]
[debug] [2021-09-15T23:17:34.499Z] >>> [apiv2][query] POST https://upload-firebasehosting.googleapis.com/upload/sites/poornima-dashboord/versions/6aab2358a4710866/files/ac2667b6cae18b106bf2a7225e4f34072ae8ed85dbc05b167981175534cfa314 [none]
[debug] [2021-09-15T23:17:34.499Z] >>> [apiv2][body] POST https://upload-firebasehosting.googleapis.com/upload/sites/poornima-dashboord/versions/6aab2358a4710866/files/ac2667b6cae18b106bf2a7225e4f34072ae8ed85dbc05b167981175534cfa314 [stream]
[debug] [2021-09-15T23:17:34.500Z] >>> [apiv2][query] POST https://upload-firebasehosting.googleapis.com/upload/sites/poornima-dashboord/versions/6aab2358a4710866/files/abddac5c21f39886aa2f38e0f25a838b7824acba5c4ab9f38e24c712ab35af8a [none]
[debug] [2021-09-15T23:17:34.500Z] >>> [apiv2][body] POST https://upload-firebasehosting.googleapis.com/upload/sites/poornima-dashboord/versions/6aab2358a4710866/files/abddac5c21f39886aa2f38e0f25a838b7824acba5c4ab9f38e24c712ab35af8a [stream]
[debug] [2021-09-15T23:17:34.501Z] >>> [apiv2][query] POST https://upload-firebasehosting.googleapis.com/upload/sites/poornima-dashboord/versions/6aab2358a4710866/files/d37e17906955102e9a23cb8e31d5241bad5d35254ad8d850975478e40a60e4a5 [none]
[debug] [2021-09-15T23:17:34.501Z] >>> [apiv2][body] POST https://upload-firebasehosting.googleapis.com/upload/sites/poornima-dashboord/versions/6aab2358a4710866/files/d37e17906955102e9a23cb8e31d5241bad5d35254ad8d850975478e40a60e4a5 [stream]
[debug] [2021-09-15T23:17:34.502Z] >>> [apiv2][query] POST https://upload-firebasehosting.googleapis.com/upload/sites/poornima-dashboord/versions/6aab2358a4710866/files/a5a0e08cbd5a8b003170d2387ddc49d22314bf426a010ee6412be38d77320ae2 [none]
[debug] [2021-09-15T23:17:34.502Z] >>> [apiv2][body] POST https://upload-firebasehosting.googleapis.com/upload/sites/poornima-dashboord/versions/6aab2358a4710866/files/a5a0e08cbd5a8b003170d2387ddc49d22314bf426a010ee6412be38d77320ae2 [stream]
[debug] [2021-09-15T23:17:34.502Z] >>> [apiv2][query] POST https://upload-firebasehosting.googleapis.com/upload/sites/poornima-dashboord/versions/6aab2358a4710866/files/7ee33df580b96bd21aefe8d817c0daeab3421ef027615a7dbaccc9ff7f787612 [none]
[debug] [2021-09-15T23:17:34.502Z] >>> [apiv2][body] POST https://upload-firebasehosting.googleapis.com/upload/sites/poornima-dashboord/versions/6aab2358a4710866/files/7ee33df580b96bd21aefe8d817c0daeab3421ef027615a7dbaccc9ff7f787612 [stream]
[debug] [2021-09-15T23:17:34.503Z] >>> [apiv2][query] POST https://upload-firebasehosting.googleapis.com/upload/sites/poornima-dashboord/versions/6aab2358a4710866/files/114e0fc771ce3eee490d0dca892c0c5c07b1417f5d414460de576d48afecd672 [none]
[debug] [2021-09-15T23:17:34.503Z] >>> [apiv2][body] POST https://upload-firebasehosting.googleapis.com/upload/sites/poornima-dashboord/versions/6aab2358a4710866/files/114e0fc771ce3eee490d0dca892c0c5c07b1417f5d414460de576d48afecd672 [stream]
[debug] [2021-09-15T23:17:34.503Z] [hosting][populate queue][FINAL] {"max":12899,"min":12899,"avg":12899,"active":0,"complete":1,"success":1,"errored":0,"retried":0,"total":1,"elapsed":12904}
[debug] [2021-09-15T23:17:34.504Z] [hosting] uploads queued: 7
